\BOOKMARK [1][-]{section.1}{Introduction}{}% 1
\BOOKMARK [1][-]{section.2}{Method}{}% 2
\BOOKMARK [2][-]{subsection.2.1}{Theory connecting to kinship}{section.2}% 3
\BOOKMARK [2][-]{subsection.2.2}{PCA GWAS is Equivalent to linear regression with covariate}{section.2}% 4
\BOOKMARK [2][-]{subsection.2.3}{Admixture Simulation}{section.2}% 5
\BOOKMARK [2][-]{subsection.2.4}{Trait Simulation}{section.2}% 6
\BOOKMARK [2][-]{subsection.2.5}{Result Examination Method}{section.2}% 7
\BOOKMARK [3][-]{subsubsection.2.5.1}{Precision-Recall Curves}{subsection.2.5}% 8
\BOOKMARK [3][-]{subsubsection.2.5.2}{Uniform P-Value Test \(RMSD\)}{subsection.2.5}% 9
\BOOKMARK [2][-]{subsection.2.6}{Comparison among PCA and Existing Implementations }{section.2}% 10
\BOOKMARK [2][-]{subsection.2.7}{true or biased kinship matrices has the same performance}{section.2}% 11
\BOOKMARK [1][-]{section.3}{Result}{}% 12
\BOOKMARK [2][-]{subsection.3.1}{RMSD Evaluation}{section.3}% 13
\BOOKMARK [3][-]{subsubsection.3.1.1}{No Family Structure \046 N=1000}{subsection.3.1}% 14
\BOOKMARK [3][-]{subsubsection.3.1.2}{No Family Structure \046 N=100}{subsection.3.1}% 15
\BOOKMARK [3][-]{subsubsection.3.1.3}{Family Structure Exists \046 N=1000}{subsection.3.1}% 16
\BOOKMARK [3][-]{subsubsection.3.1.4}{No Family Structure}{subsection.3.1}% 17
\BOOKMARK [3][-]{subsubsection.3.1.5}{Family Structure Exists}{subsection.3.1}% 18
\BOOKMARK [1][-]{section.4}{Discussion}{}% 19
\BOOKMARK [2][-]{subsection.4.1}{PCA GWAS fails without enough PCs}{section.4}% 20
\BOOKMARK [2][-]{subsection.4.2}{PCA GWAS still works even too many PCs are used}{section.4}% 21
\BOOKMARK [2][-]{subsection.4.3}{PCA GWAS fails with the existence are close relatives }{section.4}% 22
\BOOKMARK [1][-]{section.5}{Reference List}{}% 23
